<?xml version="1.0" encoding="UTF-8"?>
<!-- Generated by org.testng.reporters.JUnitReportReporter -->
<testsuite hostname="CClappy" failures="0" tests="5" name="runner.TestRunnerWith_SingleTag" time="0.097" errors="0" timestamp="2025-06-05T00:54:30 IST" skipped="0">
  <testcase classname="runner.TestRunnerWith_SingleTag" name="runScenario" time="0.005"/>
  <testcase classname="runner.TestRunnerWith_SingleTag" name="runScenario" time="0.007"/>
  <testcase classname="runner.TestRunnerWith_SingleTag" name="runScenario" time="0.074"/>
  <testcase classname="runner.TestRunnerWith_SingleTag" name="runScenario" time="0.004"/>
  <testcase classname="runner.TestRunnerWith_SingleTag" name="runScenario" time="0.007"/>
</testsuite> <!-- runner.TestRunnerWith_SingleTag -->
