<?xml version="1.0" encoding="UTF-8"?>
<!-- Generated by org.testng.reporters.JUnitReportReporter -->
<testsuite hostname="CClappy" failures="0" tests="2" name="runner.TestRunnerForBackgroundDemo" time="0.132" errors="0" timestamp="2025-06-05T01:57:11 IST" skipped="0">
  <testcase classname="runner.TestRunnerForBackgroundDemo" name="runScenario" time="0.119"/>
  <testcase classname="runner.TestRunnerForBackgroundDemo" name="runScenario" time="0.013"/>
</testsuite> <!-- runner.TestRunnerForBackgroundDemo -->
