<?xml version="1.0" encoding="UTF-8"?>
<!-- Generated by org.testng.reporters.JUnitReportReporter -->
<testsuite hostname="CClappy" failures="0" tests="2" name="runner.TestRunner_Hooks" time="3.426" errors="0" timestamp="2025-06-05T01:48:56 IST" skipped="0">
  <testcase classname="runner.TestRunner_Hooks" name="runScenario" time="0.016"/>
  <testcase classname="runner.TestRunner_Hooks" name="runScenario" time="3.410"/>
</testsuite> <!-- runner.TestRunner_Hooks -->
